Database of tags = ./FliG_1tag/*
Target pdb = C-ring_portion_15mer
PDB stored locally? =  True
Run specific search? =  False
N-terminal of insertion = 221
C-terminal of insertion = 229
Overlap alignment length = 3
RMSD search threshold = 3.0
RMSD exit threshold = 0
Atomic clash threshold = 2.5
Number of CPUs used for processing= 4
Minimum length of pruned Donor chain = 80
ID's of chains to tag = I,J,K,L,M
Acceptor acquired
Time taken to order all tags =  0.0502901077271
Donor list made
 
################################################################
 
Tags remaining = 0 / 1
Elapsed time (minutes) = 0.00759501457214
Current tag being checked = ./FliG_1tag/3by8.pdb
Current optimal = None
RMSD threshold = 3.0


 
Insert sites remaining = 1 / 1
Current insert site N/C tested = (<Residue ILE het=  resseq=221 icode= >, <Residue GLU het=  resseq=229 icode= >)
 
~~~~~~~~~~~~~~~~~~~~~~~~~~~~~~~~~~~~
RMSD of aligned acceptor/donor pairs
~~~~~~~~~~~~~~~~~~~~~~~~~~~~~~~~~~~~
2.879060277964988
Time taken (tagallchain) = 1.71002721786
Time taken (sphereget) = 0.225975990295
Time taken (courseclash) = 0.00110483169556
False was found
Time taken (fineclash) = 0.789019823074
Fine clash passed? False
 
3.1117297013909937
4.056410340202786
1.947164393706479
Time taken (tagallchain) = 1.9134349823
Time taken (sphereget) = 0.223816156387
Time taken (courseclash) = 0.00114798545837
Time taken (fineclash) = 66.1941370964
Fine clash passed? True
 
Donor = <Structure id=['3by8']>
RMSD of current optimal Donor without clashes 1.947164393706479
 
2.180690815076369
3.357888346468779
2.304833651841834
1.9996043239718102
3.4817519566398096
2.999447279099588
3.6854769115015475
3.52571511294047
2.2734348973514744
2.4186580170589824
2.0427181519992876
1.8586677273875287
Time taken (tagallchain) = 1.9664709568
Time taken (sphereget) = 0.224792003632
Time taken (courseclash) = 0.00125885009766
False was found
Time taken (fineclash) = 3.90101289749
Fine clash passed? False
 
2.852417268853825
2.4030835884012784
3.205104084357134
3.397919165191293
2.813684446778136
3.4268279286305545
2.0910162341337712
1.843103156772634
Time taken (tagallchain) = 2.11390900612
Time taken (sphereget) = 0.225310087204
Time taken (courseclash) = 0.00131893157959
False was found
Time taken (fineclash) = 4.78350090981
Fine clash passed? False
 
2.9142557268076184
2.3566170971695786
1.2685826244033183
Time taken (tagallchain) = 2.09176707268
Time taken (sphereget) = 0.224905967712
Time taken (courseclash) = 0.00130605697632
False was found
Time taken (fineclash) = 4.69036889076
Fine clash passed? False
 
1.6844223441519277
Time taken (tagallchain) = 2.07070994377
Time taken (sphereget) = 0.232153892517
Time taken (courseclash) = 0.00126099586487
False was found
Time taken (fineclash) = 6.38054800034
Fine clash passed? False
 
1.9887897363820721
3.3702844957738987
2.542876886501868
2.2383266621004396
3.303860994652537
3.021570877568258
2.669547573745632
3.7734135030149814
1.9116498419517625
Time taken (tagallchain) = 2.09952402115
Time taken (sphereget) = 0.225781917572
Time taken (courseclash) = 0.00131702423096
False was found
Time taken (fineclash) = 3.2584939003
Fine clash passed? False
 
2.5741269085488203
2.1888521111695995
2.559240340694036
2.4098148717482024
2.163065064302801
2.831160038029827
3.2230771314855273
2.9597060770394577
2.877504000365423
2.175794828005025
1.434360840101177
Time taken (tagallchain) = 2.10148286819
Time taken (sphereget) = 0.224541187286
Time taken (courseclash) = 0.00136613845825
False was found
Time taken (fineclash) = 6.7578561306
Fine clash passed? False
 
3.3488416875754177
2.5219328592398362
1.9406770577296142
Time taken (tagallchain) = 2.15524291992
Time taken (sphereget) = 0.224601984024
Time taken (courseclash) = 0.00140285491943
False was found
Time taken (fineclash) = 6.69340109825
Fine clash passed? False
 
3.5535440801431375
3.3026640125543922
2.634106196817619
2.942474946866001
2.852253674390493
3.7718082189005924
3.2338056763128074
3.0113128080333516
3.682738525417296
2.8047365365972836
2.30339953876792
3.2322135654870587
2.9661802248990212
3.127224986107543
2.765508499451954
3.593384121819324
2.9940135104588816
3.0772909965010613
3.041440416879638
2.555725674873987
2.2696885896268535
3.605642203979865
2.9768387732250705
2.336846940912098
3.3430575289478988
3.493291707674669
3.506594326515474
3.676654884774455
2.8438577827877536
2.565233826532251
 
~~~~~~~~~~~~~~~~~~~~~~~~~~~~~~~~~~~~~~~~~~~~~~~~~~~~~~~~~~~~~~~~~~~~~~~~~~~~~~~~~~~~~~~~~~~~~~
Time taken (insert site tested) = 145.74682498 Donor = ./FliG_1tag/3by8.pdb
Tag site N = 221 Tag site C = 229 Current checkpoint = 1.947164393706479
~~~~~~~~~~~~~~~~~~~~~~~~~~~~~~~~~~~~~~~~~~~~~~~~~~~~~~~~~~~~~~~~~~~~~~~~~~~~~~~~~~~~~~~~~~~~~~
New optimal found! = <Structure id=['3by8']> 1.947164393706479 ('No clashes?', True)
 
=========================================================================================================
Time taken (tag tested) = 145.790589094 Donor = ./FliG_1tag/3by8.pdb Current checkpoint = 1.947164393706479
=========================================================================================================
Optimal tag = <Structure id=['3by8']> 1.947164393706479 ('No clashes?', True)
 
~~~~~~~~~~~~~~~~~~~~~~~~~~~~~~~~~~~~~~~~~~~~~~Best Tag~~~~~~~~~~~~~~~~~~~~~~~~~~~~~~~~~
~~~~~~~~~~~~~~~~~~~~~~~~~~~~~~~~~~~~~~~~~~~~~~~~~~~~~~~~~~~~~~~~~~~~~~~~~~~~~~~~~~~~~~~
 RMSD match of N/C overlap =  1.947164393706479                                           
                                                                                       
 Acceptor =  <Structure id=C-ring_portion_15mer>                                                              
 Acceptor optimal N terminal start residue is <Residue ILE het=  resseq=221 icode= >                            
 Acceptor optimal C terminal end residue is <Residue GLU het=  resseq=229 icode= >                              
                                                                                       
 Donor =  <Structure id=['3by8']>                                                               
 Donor optimal N terminal start residue is <Residue ARG het=  resseq=49 icode= >                               
 Donor optimal C terminal end residue is <Residue ASP het=  resseq=178 icode= >                                 
                                                                                       
 Protagger suggests truncating Donor to residue numbers:                               
 N terminal =  52                                                           
 C terminal =  175                                                           
~~~~~~~~~~~~~~~~~~~~~~~~~~~~~~~~~~~~~~~~~~~~~~~~~~~~~~~~~~~~~~~~~~~~~~~~~~~~~~~~~~~~~~~
~~~~~~~~~~~~~~~~~~~~~~~~~~~~~~~~~~~~~~~~~~~~~~~~~~~~~~~~~~~~~~~~~~~~~~~~~~~~~~~~~~~~~~~
Optimal acceptor/donor pruned
