Database of tags = ../../tagdatabase_1tag//*
Target pdb = YYYY
PDB stored locally? =  True
Run specific search? =  False
N-terminal of insertion = 205
C-terminal of insertion = 210
Overlap alignment length = 4
RMSD search threshold = 3.0
RMSD exit threshold = 1.5
Atomic clash threshold = 2.5
Number of CPUs used for processing= 50
Minimum length of pruned Donor chain = 150
ID's of chains to tag = all chains
Acceptor acquired
Time taken to order all tags =  0.76242518425
Donor list made
 
################################################################
 
Tags remaining = 2 / 3
Elapsed time (minutes) = 0.0421219825745
Current tag being checked = ../../tagdatabase_1tag/1m40.pdb
Current optimal = None
RMSD threshold = 3.0


 
Insert sites remaining = 1 / 1
Current insert site N/C tested = (<Residue SER het=  resseq=205 icode= >, <Residue GLY het=  resseq=210 icode= >)
 
~~~~~~~~~~~~~~~~~~~~~~~~~~~~~~~~~~~~
RMSD of aligned acceptor/donor pairs
~~~~~~~~~~~~~~~~~~~~~~~~~~~~~~~~~~~~
2.8641999210218816
Time taken (tagallchain) = 39.9117870331
Time taken (sphereget) = 1.86125302315
Time taken (courseclash) = 0.0114498138428
Time taken (fineclash) = 1573.34253502
Fine clash passed? True
 
Donor = <Structure id=['1m40']>
RMSD of current optimal Donor without clashes 2.8641999210218816
 
2.652053860138083
Time taken (tagallchain) = 14.192442894
Time taken (sphereget) = 2.40960383415
Time taken (courseclash) = 0.013503074646
False was found
Time taken (fineclash) = 8.69769716263
Fine clash passed? False
 
2.8038281744352056
Time taken (tagallchain) = 17.8474340439
Time taken (sphereget) = 2.31179094315
Time taken (courseclash) = 0.0119140148163
False was found
Time taken (fineclash) = 36.1317610741
Fine clash passed? False
 
3.5675826172746965
3.552947227117618
3.7876166959475817
3.414984642628808
3.2328977127188363
3.626075184447806
3.210143225196294
2.793470479236326
Time taken (tagallchain) = 16.5623238087
Time taken (sphereget) = 2.30433893204
Time taken (courseclash) = 0.0117518901825
False was found
Time taken (fineclash) = 37.1630411148
Fine clash passed? False
 
2.8940175061315525
3.93006656249961
3.764960738966392
3.889961784293967
4.030031746336506
3.7859600643531928
3.9632305701265786
2.7182054123967845
Time taken (tagallchain) = 16.6224491596
Time taken (sphereget) = 2.02626609802
Time taken (courseclash) = 0.0116920471191
Time taken (fineclash) = 1768.12515497
Fine clash passed? True
 
Donor = <Structure id=['1m40']>
RMSD of current optimal Donor without clashes 2.7182054123967845
 
2.3435582640569534
Time taken (tagallchain) = 16.1772429943
Time taken (sphereget) = 1.94690394402
Time taken (courseclash) = 0.0118479728699
False was found
Time taken (fineclash) = 31.6296539307
Fine clash passed? False
 
3.131433302155296
3.555536141594397
3.4479259368634305
4.082807871822765
3.8273067139048385
3.747933349335095
4.391260729995179
4.1993131126163075
3.9881873434487574
4.263616077895981
4.034507990397751
4.168785729504971
4.347145769370961
3.1729420172130283
3.0801257806515365
3.420959692681528
4.316065109753755
4.180048469175195
4.192096157672106
4.191448855591274
4.218821496124609
4.354815159371365
3.7866132702004176
3.4758261011405978
3.610862824882884
3.827473070365793
3.6619155223155824
4.15497026714801
3.7212898043037477
3.8997926598254913
4.459547536456502
3.5667757268680136
3.1998988223986555
3.892398383318514
4.255005121517143
3.963066050515458
4.486624093608154
3.856211883624195
3.8545990409712005
4.231330425734217
3.540296316849786
3.522432372670806
4.010732336270236
4.620004722499129
4.421447908081978
4.6760339333969
4.218087386060762
4.093820680897861
4.218041369079185
4.145290820099885
3.9238859841646896
4.082440103519234
4.40795603122935
4.173631908019832
4.738819119053706
3.679331491032697
3.58696547538167
4.235175230881915
3.9662720828974427
3.5383979606061824
4.211805384065979
 
~~~~~~~~~~~~~~~~~~~~~~~~~~~~~~~~~~~~~~~~~~~~~~~~~~~~~~~~~~~~~~~~~~~~~~~~~~~~~~~~~~~~~~~~~~~~~~
Time taken (insert site tested) = 3668.56513309 Donor = ../../tagdatabase_1tag/1m40.pdb
Tag site N = 205 Tag site C = 210 Current checkpoint = 2.7182054123967845
~~~~~~~~~~~~~~~~~~~~~~~~~~~~~~~~~~~~~~~~~~~~~~~~~~~~~~~~~~~~~~~~~~~~~~~~~~~~~~~~~~~~~~~~~~~~~~
New optimal found! = <Structure id=['1m40']> 2.7182054123967845 ('No clashes?', True)
 
=========================================================================================================
Time taken (tag tested) = 3668.88169098 Donor = ../../tagdatabase_1tag/1m40.pdb Current checkpoint = 2.7182054123967845
=========================================================================================================
 
################################################################
 
Tags remaining = 1 / 3
Elapsed time (minutes) = 61.190150249
Current tag being checked = ../../tagdatabase_1tag/1btl.pdb
Current optimal = <Structure id=['1m40']>
RMSD threshold = 2.7182054123967845


 
Insert sites remaining = 1 / 1
Current insert site N/C tested = (<Residue SER het=  resseq=205 icode= >, <Residue GLY het=  resseq=210 icode= >)
 
~~~~~~~~~~~~~~~~~~~~~~~~~~~~~~~~~~~~
RMSD of aligned acceptor/donor pairs
~~~~~~~~~~~~~~~~~~~~~~~~~~~~~~~~~~~~
2.924655594662414
2.66304711505072
Time taken (tagallchain) = 11.2799010277
Time taken (sphereget) = 1.31920099258
Time taken (courseclash) = 0.0108299255371
False was found
Time taken (fineclash) = 5.70495200157
Fine clash passed? False
 
2.8265326601097502
3.6405659605086163
3.5915571530559975
3.810973143648634
3.523171707228247
3.308643338313088
3.6604998466993166
3.303165140232848
2.8342772669447673
2.9455636537576226
4.017822536502343
3.8187459673140665
3.9285769034256934
4.13857015547167
3.85687373112687
4.0034872277424665
2.843851274835581
2.4158027594183786
Time taken (tagallchain) = 9.78863596916
Time taken (sphereget) = 1.32951211929
Time taken (courseclash) = 0.0113999843597
False was found
Time taken (fineclash) = 16.6150209904
Fine clash passed? False
 
3.2220434105879563
3.6801588167360424
3.5289471893758493
4.168354166649725
3.9673753671743746
3.8428092965668452
4.475238055153368
4.235956736916727
3.9825838343493256
4.289245349135718
4.080505626529444
4.188970108384706
4.356840997570757
3.2658124570436544
3.1211566225419536
3.435120835757607
4.389852641764047
4.22291297423283
4.2487318410100565
4.24887216585031
4.2625607194520985
4.381060421158713
3.897988273555048
3.536617052832083
3.6455509021619066
3.943316088577558
3.7435030781787515
4.263716344803297
3.83070088506589
3.981829471602076
4.5417870829210125
3.7051508023909676
3.3061614599795726
3.9878134635562548
4.239745404992156
3.931629962952281
4.482873144540804
3.8440769996871462
3.8112451886980456
4.198993918048529
3.5615637075126396
3.4984055489180514
3.969863582674888
4.664360716771023
4.441350020908304
4.705574821368093
4.2470222992753754
4.091914897830638
4.212528986988868
4.21319429829156
3.9345831853699673
4.072574049977751
4.478249904192197
4.229875393858812
4.818366651495566
3.7528495554151458
3.6353954472025225
4.299283227558873
4.075176251696594
3.6082225217661845
4.277970418409757
 
~~~~~~~~~~~~~~~~~~~~~~~~~~~~~~~~~~~~~~~~~~~~~~~~~~~~~~~~~~~~~~~~~~~~~~~~~~~~~~~~~~~~~~~~~~~~~~
Time taken (insert site tested) = 73.4495518208 Donor = ../../tagdatabase_1tag/1btl.pdb
Tag site N = 205 Tag site C = 210 Current checkpoint = 2.7182054123967845
~~~~~~~~~~~~~~~~~~~~~~~~~~~~~~~~~~~~~~~~~~~~~~~~~~~~~~~~~~~~~~~~~~~~~~~~~~~~~~~~~~~~~~~~~~~~~~
 
=========================================================================================================
Time taken (tag tested) = 73.6292750835 Donor = ../../tagdatabase_1tag/1btl.pdb Current checkpoint = 2.7182054123967845
=========================================================================================================
 
################################################################
 
Tags remaining = 0 / 3
Elapsed time (minutes) = 62.4173050324
Current tag being checked = ../../tagdatabase_1tag/1bsk.pdb
Current optimal = <Structure id=['1m40']>
RMSD threshold = 2.7182054123967845


 
Insert sites remaining = 1 / 1
Current insert site N/C tested = (<Residue SER het=  resseq=205 icode= >, <Residue GLY het=  resseq=210 icode= >)
 
~~~~~~~~~~~~~~~~~~~~~~~~~~~~~~~~~~~~
RMSD of aligned acceptor/donor pairs
~~~~~~~~~~~~~~~~~~~~~~~~~~~~~~~~~~~~
6.157032133651294
5.9052948114166695
5.487526454604888
6.696212984053992
6.409273095658443
6.005515795134758
7.720732964603766
7.440266609465962
7.179231722407542
6.614930307435369
6.3165725871913025
6.00884698726447
7.137533051061006
6.778349716529247
6.484377536480599
8.275219305408168
7.891542545170062
7.657878863956671
6.998339795030882
7.026344070693295
6.343831282479153
7.466358046556747
7.415329408584585
6.854542285169241
8.624442587994842
8.44697777862728
8.077856352095129
5.932367965587078
5.648594150501626
5.206768237312918
6.529582224075683
6.391343433926606
6.1320691406698735
7.76758430786352
7.587908312491184
7.399401890958856
6.370229734888712
6.071564875762335
5.772091338882542
7.244715145108906
6.919598453835063
6.73164182195589
8.522144263653097
8.194115491118293
7.972585005155281
6.794088022146945
6.828530112232832
6.189506696560718
7.669055876224255
7.59060953945872
7.271853963807592
9.019869025758458
8.849687235417916
8.43351120817356
5.620663997297649
5.475623708906104
5.03386906098322
6.213972086542662
6.155147277309644
5.844351349828114
7.389324239433087
7.297914015561297
7.004648752463141
6.234651111663961
5.959727733601344
5.729367089637003
7.056813645463628
6.763856089374322
6.610669669294971
8.251474416108232
7.920785773113272
7.7219564117065955
6.750198683937847
6.81888166984755
6.331571636430328
7.666018696915272
7.627893267892326
7.424748782483902
8.889673796245331
8.805107092968743
8.376058710493602
 
~~~~~~~~~~~~~~~~~~~~~~~~~~~~~~~~~~~~~~~~~~~~~~~~~~~~~~~~~~~~~~~~~~~~~~~~~~~~~~~~~~~~~~~~~~~~~~
Time taken (insert site tested) = 0.16064620018 Donor = ../../tagdatabase_1tag/1bsk.pdb
Tag site N = 205 Tag site C = 210 Current checkpoint = 2.7182054123967845
~~~~~~~~~~~~~~~~~~~~~~~~~~~~~~~~~~~~~~~~~~~~~~~~~~~~~~~~~~~~~~~~~~~~~~~~~~~~~~~~~~~~~~~~~~~~~~
 
=========================================================================================================
Time taken (tag tested) = 0.238013982773 Donor = ../../tagdatabase_1tag/1bsk.pdb Current checkpoint = 2.7182054123967845
=========================================================================================================
Optimal tag = <Structure id=['1m40']> 2.7182054123967845 ('No clashes?', True)
 
~~~~~~~~~~~~~~~~~~~~~~~~~~~~~~~~~~~~~~~~~~~~~~Best Tag~~~~~~~~~~~~~~~~~~~~~~~~~~~~~~~~~
~~~~~~~~~~~~~~~~~~~~~~~~~~~~~~~~~~~~~~~~~~~~~~~~~~~~~~~~~~~~~~~~~~~~~~~~~~~~~~~~~~~~~~~
 RMSD match of N/C overlap =  2.7182054123967845                                           
                                                                                       
 Acceptor =  <Structure id=YYYY>                                                              
 Acceptor optimal N terminal start residue is <Residue SER het=  resseq=205 icode= >                            
 Acceptor optimal C terminal end residue is <Residue THR het=  resseq=212 icode= >                              
                                                                                       
 Donor =  <Structure id=['1m40']>                                                               
 Donor optimal N terminal start residue is <Residue GLU het=  resseq=28 icode= >                               
 Donor optimal C terminal end residue is <Residue TRP het=  resseq=290 icode= >                                 
                                                                                       
 Protagger suggests truncating Donor to residue numbers:                               
 N terminal =  32                                                           
 C terminal =  286                                                           
~~~~~~~~~~~~~~~~~~~~~~~~~~~~~~~~~~~~~~~~~~~~~~~~~~~~~~~~~~~~~~~~~~~~~~~~~~~~~~~~~~~~~~~
~~~~~~~~~~~~~~~~~~~~~~~~~~~~~~~~~~~~~~~~~~~~~~~~~~~~~~~~~~~~~~~~~~~~~~~~~~~~~~~~~~~~~~~
Optimal acceptor/donor pruned
