Protagger_HIC6_model_N_378_C_383_RMSD_3.log
Database of tags = ./database_200606/*
Target pdb = HIC6_model
PDB stored locally? =True
Run specific search? =False
N-terminal of insertion = 378
C-terminal of insertion = 383
Overlap alignment length = 3
RMSD threshold = 3.0
Atomic clash threshold = 2.5
Number of CPUs used for processing = 50
Minimum length of pruned Donor chain =0
 

# 1 Name = <Structure id=['3fif']>, RMSD = 2.4075147872794522
Donor N term = <Residue ASP het=  resseq=11 icode= >
Donor C term = <Residue VAL het=  resseq=47 icode= >
Acceptor N term = <Residue ALA het=  resseq=378 icode= >
Acceptor C term = <Residue GLN het=  resseq=383 icode= >

~~~~~~~~~~~~~~~~~~~~~~~~~~~~~~~~~Best Tag~~~~~~~~~~~~~~~~~~~~~~~~~~~~~~~~~~~~~~~~
~~~~~~~~~~~~~~~~~~~~~~~~~~~~~~~~~~~~~~~~~~~~~~~~~~~~~~~~~~~~~~~~~~~~~~~~~~~~~~~~~
 RMSD match of N/C overlap = 2.4075147872794522                             
                                                                                 
 Acceptor = <Structure id=HIC6_model>                                                
 Acceptor optimal N terminal start residue is<Residue ALA het=  resseq=378 icode= >              
 Acceptor optimal C terminal end residue is<Residue GLN het=  resseq=383 icode= >                 
                                                                                 
 Donor = <Structure id=['3fif']>                                                 
 Donor optimal N terminal start residue is<Residue ASP het=  resseq=11 icode= >                 
 Donor optimal C terminal end residue is<Residue VAL het=  resseq=47 icode= >                   
                                                                                 
 Protagger suggests truncating Donor to residue numbers:                         
 N terminal = 14                                 
 C terminal = 44                                  
~~~~~~~~~~~~~~~~~~~~~~~~~~~~~~~~~~~~~~~~~~~~~~~~~~~~~~~~~~~~~~~~~~~~~~~~~~~~~~~~~
~~~~~~~~~~~~~~~~~~~~~~~~~~~~~~~~~~~~~~~~~~~~~~~~~~~~~~~~~~~~~~~~~~~~~~~~~~~~~~~~~

Total time taken (seconds) = 85352.9802868
