Protagger_YYYY_N_202_C_213_RMSD_3.log
Database of tags = ../../tagdatabase_4r4r//*
Target pdb = YYYY
PDB stored locally? =True
Run specific search? =False
N-terminal of insertion = 202
C-terminal of insertion = 213
Overlap alignment length = 3
RMSD threshold = 3.0
Atomic clash threshold = 2.5
Number of CPUs used for processing = 3
 

# 1 Name = <Structure id=['4r4r']>, RMSD = 2.472004119896048
Donor N term = <Residue THR het=  resseq=29 icode= >
Donor C term = <Residue HIS het=  resseq=289 icode= >
Acceptor N term = <Residue PHE het=  resseq=202 icode= >
Acceptor C term = <Residue ASP het=  resseq=213 icode= >

~~~~~~~~~~~~~~~~~~~~~~~~~~~~~~~~~Best Tag~~~~~~~~~~~~~~~~~~~~~~~~~~~~~~~~~~~~~~~~
~~~~~~~~~~~~~~~~~~~~~~~~~~~~~~~~~~~~~~~~~~~~~~~~~~~~~~~~~~~~~~~~~~~~~~~~~~~~~~~~~
 RMSD match of N/C overlap = 2.472004119896048                             
                                                                                 
 Acceptor = <Structure id=YYYY>                                                
 Acceptor optimal N terminal start residue is<Residue PHE het=  resseq=202 icode= >              
 Acceptor optimal C terminal end residue is<Residue ASP het=  resseq=213 icode= >                 
                                                                                 
 Donor = <Structure id=['4r4r']>                                                 
 Donor optimal N terminal start residue is<Residue THR het=  resseq=29 icode= >                 
 Donor optimal C terminal end residue is<Residue HIS het=  resseq=289 icode= >                   
                                                                                 
 Protagger suggests truncating Donor to residue numbers:                         
 N terminal = 32                                 
 C terminal = 286                                  
~~~~~~~~~~~~~~~~~~~~~~~~~~~~~~~~~~~~~~~~~~~~~~~~~~~~~~~~~~~~~~~~~~~~~~~~~~~~~~~~~
~~~~~~~~~~~~~~~~~~~~~~~~~~~~~~~~~~~~~~~~~~~~~~~~~~~~~~~~~~~~~~~~~~~~~~~~~~~~~~~~~

Total time taken (seconds) = 5532.90367508
