Protagger_FlgL_Lstart_N_569_C_590_RMSD_3.log
Database of tags = ./1ysp_db/*
Target pdb = FlgL_Lstart
PDB stored locally? =True
Run specific search? =False
N-terminal of insertion = 569
C-terminal of insertion = 590
Overlap alignment length = 3
RMSD threshold = 3.0
Atomic clash threshold = 2.5
Number of CPUs used for processing = 15
Minimum length of pruned Donor chain =80
 

# 1 Name = <Structure id=['1ysp']>, RMSD = 1.208794482563447
Donor N term = <Residue ILE het=  resseq=4 icode= >
Donor C term = <Residue MET het=  resseq=170 icode= >
Acceptor N term = <Residue SER het=  resseq=568 icode= >
Acceptor C term = <Residue SER het=  resseq=592 icode= >

~~~~~~~~~~~~~~~~~~~~~~~~~~~~~~~~~Best Tag~~~~~~~~~~~~~~~~~~~~~~~~~~~~~~~~~~~~~~~~
~~~~~~~~~~~~~~~~~~~~~~~~~~~~~~~~~~~~~~~~~~~~~~~~~~~~~~~~~~~~~~~~~~~~~~~~~~~~~~~~~
 RMSD match of N/C overlap = 1.208794482563447                             
                                                                                 
 Acceptor = <Structure id=FlgL_Lstart>                                                
 Acceptor optimal N terminal start residue is<Residue SER het=  resseq=568 icode= >              
 Acceptor optimal C terminal end residue is<Residue SER het=  resseq=592 icode= >                 
                                                                                 
 Donor = <Structure id=['1ysp']>                                                 
 Donor optimal N terminal start residue is<Residue ILE het=  resseq=4 icode= >                 
 Donor optimal C terminal end residue is<Residue MET het=  resseq=170 icode= >                   
                                                                                 
 Protagger suggests truncating Donor to residue numbers:                         
 N terminal = 7                                 
 C terminal = 167                                  
~~~~~~~~~~~~~~~~~~~~~~~~~~~~~~~~~~~~~~~~~~~~~~~~~~~~~~~~~~~~~~~~~~~~~~~~~~~~~~~~~
~~~~~~~~~~~~~~~~~~~~~~~~~~~~~~~~~~~~~~~~~~~~~~~~~~~~~~~~~~~~~~~~~~~~~~~~~~~~~~~~~

Total time taken (seconds) = 337.799084902
