Protagger_Campy_FliMGnc_cring_N_76_C_86_RMSD_3.log
Database of tags = ./5tuh_db/*
Target pdb = Campy_FliMGnc_cring
PDB stored locally? =True
Run specific search? =False
N-terminal of insertion = 76
C-terminal of insertion = 86
Overlap alignment length = 3
RMSD threshold = 3.0
Atomic clash threshold = 2.5
Number of CPUs used for processing = 4
Minimum length of pruned Donor chain =80
 

# 1 Name = <Structure id=['5tuh']>, RMSD = 2.418378928818861
Donor N term = <Residue LYS het=  resseq=47 icode= >
Donor C term = <Residue ASN het=  resseq=143 icode= >
Acceptor N term = <Residue GLN het=  resseq=75 icode= >
Acceptor C term = <Residue GLU het=  resseq=86 icode= >

~~~~~~~~~~~~~~~~~~~~~~~~~~~~~~~~~Best Tag~~~~~~~~~~~~~~~~~~~~~~~~~~~~~~~~~~~~~~~~
~~~~~~~~~~~~~~~~~~~~~~~~~~~~~~~~~~~~~~~~~~~~~~~~~~~~~~~~~~~~~~~~~~~~~~~~~~~~~~~~~
 RMSD match of N/C overlap = 2.418378928818861                             
                                                                                 
 Acceptor = <Structure id=Campy_FliMGnc_cring>                                                
 Acceptor optimal N terminal start residue is<Residue GLN het=  resseq=75 icode= >              
 Acceptor optimal C terminal end residue is<Residue GLU het=  resseq=86 icode= >                 
                                                                                 
 Donor = <Structure id=['5tuh']>                                                 
 Donor optimal N terminal start residue is<Residue LYS het=  resseq=47 icode= >                 
 Donor optimal C terminal end residue is<Residue ASN het=  resseq=143 icode= >                   
                                                                                 
 Protagger suggests truncating Donor to residue numbers:                         
 N terminal = 50                                 
 C terminal = 140                                  
~~~~~~~~~~~~~~~~~~~~~~~~~~~~~~~~~~~~~~~~~~~~~~~~~~~~~~~~~~~~~~~~~~~~~~~~~~~~~~~~~
~~~~~~~~~~~~~~~~~~~~~~~~~~~~~~~~~~~~~~~~~~~~~~~~~~~~~~~~~~~~~~~~~~~~~~~~~~~~~~~~~

Total time taken (seconds) = 1130.35310292
