Protagger_FlgEKL_partial_multimer_N_569_C_590_RMSD_3.log
Database of tags = ./thermdata_200707/*
Target pdb = FlgEKL_partial_multimer
PDB stored locally? =True
Run specific search? =False
N-terminal of insertion = 569
C-terminal of insertion = 590
Overlap alignment length = 3
RMSD threshold = 3.0
Atomic clash threshold = 2.5
Number of CPUs used for processing = 15
Minimum length of pruned Donor chain =80
 

# 1 Name = <Structure id=['1twl']>, RMSD = 2.5615972853494386
Donor N term = <Residue PHE het=  resseq=4 icode= >
Donor C term = <Residue PHE het=  resseq=174 icode= >
Acceptor N term = <Residue VAL het=  resseq=567 icode= >
Acceptor C term = <Residue LEU het=  resseq=591 icode= > 

# 2 Name = <Structure id=['1yd7']>, RMSD = 2.4175235540701707
Donor N term = <Residue GLU het=  resseq=11 icode= >
Donor C term = <Residue ASP het=  resseq=194 icode= >
Acceptor N term = <Residue MET het=  resseq=569 icode= >
Acceptor C term = <Residue SER het=  resseq=590 icode= > 

# 3 Name = <Structure id=['1xkr']>, RMSD = 2.1498289491601374
Donor N term = <Residue LYS het=  resseq=8 icode= >
Donor C term = <Residue GLY het=  resseq=202 icode= >
Acceptor N term = <Residue SER het=  resseq=568 icode= >
Acceptor C term = <Residue LEU het=  resseq=591 icode= > 

# 4 Name = <Structure id=['1zx8']>, RMSD = 2.135639069167966
Donor N term = <Residue GLU het=  resseq=8 icode= >
Donor C term = <Residue GLU het=  resseq=115 icode= >
Acceptor N term = <Residue MET het=  resseq=569 icode= >
Acceptor C term = <Residue SER het=  resseq=592 icode= >

~~~~~~~~~~~~~~~~~~~~~~~~~~~~~~~~~Best Tag~~~~~~~~~~~~~~~~~~~~~~~~~~~~~~~~~~~~~~~~
~~~~~~~~~~~~~~~~~~~~~~~~~~~~~~~~~~~~~~~~~~~~~~~~~~~~~~~~~~~~~~~~~~~~~~~~~~~~~~~~~
 RMSD match of N/C overlap = 2.135639069167966                             
                                                                                 
 Acceptor = <Structure id=FlgEKL_partial_multimer>                                                
 Acceptor optimal N terminal start residue is<Residue MET het=  resseq=569 icode= >              
 Acceptor optimal C terminal end residue is<Residue SER het=  resseq=592 icode= >                 
                                                                                 
 Donor = <Structure id=['1zx8']>                                                 
 Donor optimal N terminal start residue is<Residue GLU het=  resseq=8 icode= >                 
 Donor optimal C terminal end residue is<Residue GLU het=  resseq=115 icode= >                   
                                                                                 
 Protagger suggests truncating Donor to residue numbers:                         
 N terminal = 11                                 
 C terminal = 112                                  
~~~~~~~~~~~~~~~~~~~~~~~~~~~~~~~~~~~~~~~~~~~~~~~~~~~~~~~~~~~~~~~~~~~~~~~~~~~~~~~~~
~~~~~~~~~~~~~~~~~~~~~~~~~~~~~~~~~~~~~~~~~~~~~~~~~~~~~~~~~~~~~~~~~~~~~~~~~~~~~~~~~

Total time taken (seconds) = 117374.317267
