Protagger_1yab_N_107_C_146_RMSD_3.log
Database of tags = ../../tagdatabase_2fwg/*
Target pdb = 1yab
PDB stored locally? =True
Run specific search? =False
N-terminal of insertion = 107
C-terminal of insertion = 146
Overlap alignment length = 3
RMSD threshold = 3.0
Atomic clash threshold = 2.5
Number of CPUs used for processing = 4
Minimum length of pruned Donor chain =0
 

# 1 Name = <Structure id=['2fwg']>, RMSD = 1.8084059734140183
Donor N term = <Residue ASP het=  resseq=438 icode= >
Donor C term = <Residue HIS het=  resseq=550 icode= >
Acceptor N term = <Residue ASP het=  resseq=107 icode= >
Acceptor C term = <Residue GLU het=  resseq=147 icode= >

~~~~~~~~~~~~~~~~~~~~~~~~~~~~~~~~~Best Tag~~~~~~~~~~~~~~~~~~~~~~~~~~~~~~~~~~~~~~~~
~~~~~~~~~~~~~~~~~~~~~~~~~~~~~~~~~~~~~~~~~~~~~~~~~~~~~~~~~~~~~~~~~~~~~~~~~~~~~~~~~
 RMSD match of N/C overlap = 1.8084059734140183                             
                                                                                 
 Acceptor = <Structure id=1yab>                                                
 Acceptor optimal N terminal start residue is<Residue ASP het=  resseq=107 icode= >              
 Acceptor optimal C terminal end residue is<Residue GLU het=  resseq=147 icode= >                 
                                                                                 
 Donor = <Structure id=['2fwg']>                                                 
 Donor optimal N terminal start residue is<Residue ASP het=  resseq=438 icode= >                 
 Donor optimal C terminal end residue is<Residue HIS het=  resseq=550 icode= >                   
                                                                                 
 Protagger suggests truncating Donor to residue numbers:                         
 N terminal = 441                                 
 C terminal = 547                                  
~~~~~~~~~~~~~~~~~~~~~~~~~~~~~~~~~~~~~~~~~~~~~~~~~~~~~~~~~~~~~~~~~~~~~~~~~~~~~~~~~
~~~~~~~~~~~~~~~~~~~~~~~~~~~~~~~~~~~~~~~~~~~~~~~~~~~~~~~~~~~~~~~~~~~~~~~~~~~~~~~~~

Total time taken (seconds) = 8.45192193985
