Protagger_C-ring_portion_15mer_N_221_C_229_RMSD_3.log
Database of tags = ./FliG_1tag/*
Target pdb = C-ring_portion_15mer
PDB stored locally? =True
Run specific search? =False
N-terminal of insertion = 221
C-terminal of insertion = 229
Overlap alignment length = 3
RMSD threshold = 3.0
Atomic clash threshold = 2.5
Number of CPUs used for processing = 4
Minimum length of pruned Donor chain =80
 

# 1 Name = <Structure id=['3by8']>, RMSD = 1.947164393706479
Donor N term = <Residue ARG het=  resseq=49 icode= >
Donor C term = <Residue ASP het=  resseq=178 icode= >
Acceptor N term = <Residue ILE het=  resseq=221 icode= >
Acceptor C term = <Residue GLU het=  resseq=229 icode= >

~~~~~~~~~~~~~~~~~~~~~~~~~~~~~~~~~Best Tag~~~~~~~~~~~~~~~~~~~~~~~~~~~~~~~~~~~~~~~~
~~~~~~~~~~~~~~~~~~~~~~~~~~~~~~~~~~~~~~~~~~~~~~~~~~~~~~~~~~~~~~~~~~~~~~~~~~~~~~~~~
 RMSD match of N/C overlap = 1.947164393706479                             
                                                                                 
 Acceptor = <Structure id=C-ring_portion_15mer>                                                
 Acceptor optimal N terminal start residue is<Residue ILE het=  resseq=221 icode= >              
 Acceptor optimal C terminal end residue is<Residue GLU het=  resseq=229 icode= >                 
                                                                                 
 Donor = <Structure id=['3by8']>                                                 
 Donor optimal N terminal start residue is<Residue ARG het=  resseq=49 icode= >                 
 Donor optimal C terminal end residue is<Residue ASP het=  resseq=178 icode= >                   
                                                                                 
 Protagger suggests truncating Donor to residue numbers:                         
 N terminal = 52                                 
 C terminal = 175                                  
~~~~~~~~~~~~~~~~~~~~~~~~~~~~~~~~~~~~~~~~~~~~~~~~~~~~~~~~~~~~~~~~~~~~~~~~~~~~~~~~~
~~~~~~~~~~~~~~~~~~~~~~~~~~~~~~~~~~~~~~~~~~~~~~~~~~~~~~~~~~~~~~~~~~~~~~~~~~~~~~~~~

Total time taken (seconds) = 146.24632597
