Protagger_C-ring_portion_15mer_N_221_C_229_RMSD_3.log
Database of tags = ./FliG_1tag/*
Target pdb = C-ring_portion_15mer
PDB stored locally? =True
Run specific search? =False
N-terminal of insertion = 221
C-terminal of insertion = 229
Overlap alignment length = 5
RMSD threshold = 3.0
Atomic clash threshold = 2.5
Number of CPUs used for processing = 4
Minimum length of pruned Donor chain =80
 

# 1 Name = <Structure id=['_alt']>, RMSD = 2.9617889924402836
Donor N term = <Residue ARG het=  resseq=49 icode= >
Donor C term = <Residue ASP het=  resseq=178 icode= >
Acceptor N term = <Residue GLN het=  resseq=219 icode= >
Acceptor C term = <Residue GLU het=  resseq=230 icode= >

~~~~~~~~~~~~~~~~~~~~~~~~~~~~~~~~~Best Tag~~~~~~~~~~~~~~~~~~~~~~~~~~~~~~~~~~~~~~~~
~~~~~~~~~~~~~~~~~~~~~~~~~~~~~~~~~~~~~~~~~~~~~~~~~~~~~~~~~~~~~~~~~~~~~~~~~~~~~~~~~
 RMSD match of N/C overlap = 2.9617889924402836                             
                                                                                 
 Acceptor = <Structure id=C-ring_portion_15mer>                                                
 Acceptor optimal N terminal start residue is<Residue GLN het=  resseq=219 icode= >              
 Acceptor optimal C terminal end residue is<Residue GLU het=  resseq=230 icode= >                 
                                                                                 
 Donor = <Structure id=['_alt']>                                                 
 Donor optimal N terminal start residue is<Residue ARG het=  resseq=49 icode= >                 
 Donor optimal C terminal end residue is<Residue ASP het=  resseq=178 icode= >                   
                                                                                 
 Protagger suggests truncating Donor to residue numbers:                         
 N terminal = 54                                 
 C terminal = 173                                  
~~~~~~~~~~~~~~~~~~~~~~~~~~~~~~~~~~~~~~~~~~~~~~~~~~~~~~~~~~~~~~~~~~~~~~~~~~~~~~~~~
~~~~~~~~~~~~~~~~~~~~~~~~~~~~~~~~~~~~~~~~~~~~~~~~~~~~~~~~~~~~~~~~~~~~~~~~~~~~~~~~~

Total time taken (seconds) = 1387.00809407
