Database of tags = ../../../tagdatabase_1tag//*
Target pdb = YYYY
PDB stored locally? =  True
Run specific search? =  False
N-terminal of insertion = 205
C-terminal of insertion = 212
Overlap alignment length = 4
RMSD search threshold = 3.0
RMSD exit threshold = 0
Atomic clash threshold = 2.5
Number of CPUs used for processing= 50
Minimum length of pruned Donor chain = 0
ID's of chains to tag = all chains
Acceptor acquired
A
B
C
D
E
F
G
H
I
J
K
L
M
N
O
P
Q
R
S
T
U
V
W
X
Y
Z
a
b
Time taken to order all tags =  0.749299049377
Donor list made
 
################################################################
 
Tags remaining = 2 / 3
Elapsed time (minutes) = 0.0408227841059
Current tag being checked = ../../../tagdatabase_1tag/1btl.pdb
Current optimal = None
RMSD threshold = 3.0


 
Insert sites remaining = 1 / 1
Current insert site N/C tested = (<Residue SER het=  resseq=205 icode= >, <Residue THR het=  resseq=212 icode= >)
 
~~~~~~~~~~~~~~~~~~~~~~~~~~~~~~~~~~~~
RMSD of aligned acceptor/donor pairs
~~~~~~~~~~~~~~~~~~~~~~~~~~~~~~~~~~~~
2.8438542950997716
Time taken (tagallchain) = 9.1304500103
Time taken (sphereget) = 1.41322398186
Time taken (courseclash) = 0.0114901065826
Time taken (fineclash) = 817.716665983
Fine clash passed? True
 
Donor = <Structure id=['1btl']>
RMSD of current optimal Donor without clashes 2.8438542950997716
 
2.4158052643648955
Time taken (tagallchain) = 13.0328381062
Time taken (sphereget) = 1.46063899994
Time taken (courseclash) = 0.0122830867767
False was found
Time taken (fineclash) = 18.2617788315
Fine clash passed? False
 
3.2220522965152334
3.680167942940884
3.5289488698972287
4.168366591219829
3.967375396384104
3.842810498382722
4.4752474030180664
2.798739403679421
Time taken (tagallchain) = 9.48947000504
Time taken (sphereget) = 1.42621207237
Time taken (courseclash) = 0.0130219459534
False was found
Time taken (fineclash) = 19.7913749218
Fine clash passed? False
 
2.389057126698445
Time taken (tagallchain) = 12.8427629471
Time taken (sphereget) = 1.34732890129
Time taken (courseclash) = 0.0134859085083
False was found
Time taken (fineclash) = 5.31940698624
Fine clash passed? False
 
2.655450436379332
Time taken (tagallchain) = 11.272988081
Time taken (sphereget) = 1.49257588387
Time taken (courseclash) = 0.0131249427795
False was found
Time taken (fineclash) = 11.688863039
Fine clash passed? False
 
3.636478472057991
3.377266414702334
3.6081566043454223
4.093076571951119
3.993518922393847
4.266980895992232
2.751987695230475
Time taken (tagallchain) = 9.97483682632
Time taken (sphereget) = 1.44219017029
Time taken (courseclash) = 0.0138709545135
False was found
Time taken (fineclash) = 15.4039959908
Fine clash passed? False
 
2.375080320165908
Time taken (tagallchain) = 13.0278990269
Time taken (sphereget) = 1.51188397408
Time taken (courseclash) = 0.0147948265076
False was found
Time taken (fineclash) = 5.13004302979
Fine clash passed? False
 
2.159447307295248
Time taken (tagallchain) = 9.04278492928
Time taken (sphereget) = 1.36903500557
Time taken (courseclash) = 0.0134599208832
False was found
False was found
Time taken (fineclash) = 9.80062794685
Fine clash passed? False
 
3.427704309232404
3.0783814304175845
2.988345774351634
3.9671992279465744
3.8269494205167853
3.716630366124331
3.94332290448473
3.7435093295286705
4.263732793560797
3.8307203140260166
3.9818493059624807
4.541808007978418
3.7051624054185304
3.30616746562025
3.987831116938541
3.7328755752246723
3.463409968992706
3.585010102105463
3.7890127652297214
3.9628179088799254
4.106600978429229
3.665042314602199
3.325173783755752
3.626285282879854
3.4789877978291894
3.159025284489439
2.9285996356510187
3.675923224174717
3.853200914061113
3.487102556168845
3.283857545758051
3.04291482681443
2.8686972220826275
4.478269874906251
4.229887864352542
4.818378999605685
3.7528739193894456
3.635421982670312
4.299299349836822
4.075184771686719
3.6082297096187315
4.2779741094973005
4.41016750562502
4.166613031620816
4.448872219973424
3.6193916450453454
3.5491035666242827
3.846592910562882
4.005560092153784
3.4687824008478536
3.8476940543164466
4.2563134173973785
3.9603477576797297
3.923059435957559
3.3272846211846954
3.3278095613204774
3.104742626753498
3.4605848682531075
2.96085167196237
2.9721232785818117
 
~~~~~~~~~~~~~~~~~~~~~~~~~~~~~~~~~~~~~~~~~~~~~~~~~~~~~~~~~~~~~~~~~~~~~~~~~~~~~~~~~~~~~~~~~~~~~~
Time taken (insert site tested) = 1102.02702999 Donor = ../../../tagdatabase_1tag/1btl.pdb
Tag site N = 205 Tag site C = 212 Current checkpoint = 2.8438542950997716
~~~~~~~~~~~~~~~~~~~~~~~~~~~~~~~~~~~~~~~~~~~~~~~~~~~~~~~~~~~~~~~~~~~~~~~~~~~~~~~~~~~~~~~~~~~~~~
New optimal found! = <Structure id=['1btl']> 2.8438542950997716 ('No clashes?', True)
 
=========================================================================================================
Time taken (tag tested) = 1102.1884079 Donor = ../../../tagdatabase_1tag/1btl.pdb Current checkpoint = 2.8438542950997716
=========================================================================================================
 
################################################################
 
Tags remaining = 1 / 3
Elapsed time (minutes) = 18.4106297652
Current tag being checked = ../../../tagdatabase_1tag/1m40.pdb
Current optimal = <Structure id=['1btl']>
RMSD threshold = 2.8438542950997716


 
Insert sites remaining = 1 / 1
Current insert site N/C tested = (<Residue SER het=  resseq=205 icode= >, <Residue THR het=  resseq=212 icode= >)
 
~~~~~~~~~~~~~~~~~~~~~~~~~~~~~~~~~~~~
RMSD of aligned acceptor/donor pairs
~~~~~~~~~~~~~~~~~~~~~~~~~~~~~~~~~~~~
2.718202987615155
Time taken (tagallchain) = 17.9139699936
Time taken (sphereget) = 1.91996598244
Time taken (courseclash) = 0.0117800235748
Time taken (fineclash) = 1818.09835315
Fine clash passed? True
 
Donor = <Structure id=['1m40']>
RMSD of current optimal Donor without clashes 2.718202987615155
 
2.3435636822290014
Time taken (tagallchain) = 17.452256918
Time taken (sphereget) = 2.16372799873
Time taken (courseclash) = 0.0140550136566
False was found
Time taken (fineclash) = 32.6572420597
Fine clash passed? False
 
3.1314393532987572
3.5555338334850033
3.447928226831849
4.082813478495345
3.827311576548912
3.7479288203673513
4.391257339926822
2.667518705608536
Time taken (tagallchain) = 17.8424060345
Time taken (sphereget) = 2.42621994019
Time taken (courseclash) = 0.0143249034882
False was found
Time taken (fineclash) = 38.3002500534
Fine clash passed? False
 
2.316818113892718
Time taken (tagallchain) = 17.0048348904
Time taken (sphereget) = 1.88637495041
Time taken (courseclash) = 0.011873960495
False was found
Time taken (fineclash) = 13.3108921051
Fine clash passed? False
 
2.5740984023638536
Time taken (tagallchain) = 16.6211950779
Time taken (sphereget) = 1.91387605667
Time taken (courseclash) = 0.0117678642273
False was found
Time taken (fineclash) = 30.5290989876
Fine clash passed? False
 
3.4958463736700742
3.282019105299157
3.5224310017804616
3.933570429224559
3.8825807112301853
4.174208718219348
2.690911668481102
Time taken (tagallchain) = 17.1929380894
Time taken (sphereget) = 1.94493699074
Time taken (courseclash) = 0.0220160484314
False was found
Time taken (fineclash) = 37.6260919571
Fine clash passed? False
 
2.3994393870471153
Time taken (tagallchain) = 16.7515060902
Time taken (sphereget) = 2.10360908508
Time taken (courseclash) = 0.0142140388489
False was found
Time taken (fineclash) = 10.4957180023
Fine clash passed? False
 
2.1664595678807697
Time taken (tagallchain) = 89.9612720013
Time taken (sphereget) = 1.85920286179
Time taken (courseclash) = 0.0122430324554
False was found
False was found
Time taken (fineclash) = 14.1137850285
Fine clash passed? False
 
3.333587384348204
3.0466715135999345
2.9567739290098
3.84829398702989
3.7704986697822993
3.6733933649785477
3.8274700794426892
3.661919766681872
4.154984757599886
3.721283734716123
3.8997765675800404
4.459542874255448
3.5667777235339746
3.199898089558164
3.892404367115412
3.587681450471106
3.361290962053497
3.4687935534643293
3.644311386451435
3.851823158316235
4.001744653781733
3.497516288166233
3.180982859979829
3.5098151027088447
3.3695042593172584
3.1184765500192806
2.8587276520259532
3.5581278103934495
3.783024901273295
3.4369583850003838
3.1401376616384598
2.9481406717833836
2.7959028658144343
4.407949474511012
4.17363071336565
4.738820210047946
3.6793210804414413
3.5869593591753333
4.235171215032961
3.9663061833620334
3.5384251366827773
4.211820554600292
4.297628013779153
4.072826401753526
4.344841000806669
3.491312332154995
3.446206912167728
3.745069078787125
3.8477551972501067
3.3325090917315645
3.7408977519372493
4.152714296981923
3.8989333219041895
3.8355244933044257
3.2035102925174446
3.252004498416086
3.028016239912458
3.300025403822119
2.842389432301507
2.8634514329148715
 
~~~~~~~~~~~~~~~~~~~~~~~~~~~~~~~~~~~~~~~~~~~~~~~~~~~~~~~~~~~~~~~~~~~~~~~~~~~~~~~~~~~~~~~~~~~~~~
Time taken (insert site tested) = 2328.4442091 Donor = ../../../tagdatabase_1tag/1m40.pdb
Tag site N = 205 Tag site C = 212 Current checkpoint = 2.718202987615155
~~~~~~~~~~~~~~~~~~~~~~~~~~~~~~~~~~~~~~~~~~~~~~~~~~~~~~~~~~~~~~~~~~~~~~~~~~~~~~~~~~~~~~~~~~~~~~
New optimal found! = <Structure id=['1m40']> 2.718202987615155 ('No clashes?', True)
 
=========================================================================================================
Time taken (tag tested) = 2330.97055316 Donor = ../../../tagdatabase_1tag/1m40.pdb Current checkpoint = 2.718202987615155
=========================================================================================================
 
################################################################
 
Tags remaining = 0 / 3
Elapsed time (minutes) = 57.260139215
Current tag being checked = ../../../tagdatabase_1tag/1bsk.pdb
Current optimal = <Structure id=['1m40']>
RMSD threshold = 2.718202987615155


 
Insert sites remaining = 1 / 1
Current insert site N/C tested = (<Residue SER het=  resseq=205 icode= >, <Residue THR het=  resseq=212 icode= >)
 
~~~~~~~~~~~~~~~~~~~~~~~~~~~~~~~~~~~~
RMSD of aligned acceptor/donor pairs
~~~~~~~~~~~~~~~~~~~~~~~~~~~~~~~~~~~~
6.998337704926077
7.026338246575747
6.343827561625096
7.4663588992779335
7.4153254172317515
6.854537661613276
8.624440074240146
8.446969852139606
8.077851417148185
7.252128298293042
7.063798389458938
6.381871347051245
7.6764704630047245
7.419871908181611
6.812690012568979
8.75606476751459
8.412566897492344
7.997899513755828
6.650486909091066
6.231325597712165
5.694522203089879
7.047000191612427
6.519315309106655
6.005136148942462
8.02158039012759
7.508282847391885
7.1187594039850755
6.794085924389655
6.828520760729872
6.189497171430642
7.6690482012975
7.590596565456828
7.271852509820175
9.019855944351047
8.849667757446296
8.433502909755084
7.116295962575538
6.917550589064013
6.1908661704246954
7.887145435123397
7.640217964017658
7.208734926137002
9.250042870650452
8.910931457361611
8.499027534303679
6.592039816444264
6.05474731508369
5.421154887768948
7.227667589325563
6.774803234466101
6.3417374672858395
8.53531296865609
8.05427955924935
7.727391508235956
6.750207845246545
6.818875009770388
6.331567064674066
7.666002967209234
7.627867607908491
7.424727366599894
8.889649328248197
8.805071708141432
8.376030946837702
7.221004883019775
7.104958486920109
6.492359575967269
8.176547498274967
7.997622377714935
7.71194241098522
9.458885428672938
9.246403544762178
8.716520667275638
6.812102135652598
6.4235011546207375
5.810286803461889
7.73484726450757
7.386814733028105
7.098105674007302
9.076461133257379
8.683421299369348
8.157815446282097
 
~~~~~~~~~~~~~~~~~~~~~~~~~~~~~~~~~~~~~~~~~~~~~~~~~~~~~~~~~~~~~~~~~~~~~~~~~~~~~~~~~~~~~~~~~~~~~~
Time taken (insert site tested) = 0.15681385994 Donor = ../../../tagdatabase_1tag/1bsk.pdb
Tag site N = 205 Tag site C = 212 Current checkpoint = 2.718202987615155
~~~~~~~~~~~~~~~~~~~~~~~~~~~~~~~~~~~~~~~~~~~~~~~~~~~~~~~~~~~~~~~~~~~~~~~~~~~~~~~~~~~~~~~~~~~~~~
 
=========================================================================================================
Time taken (tag tested) = 0.237370014191 Donor = ../../../tagdatabase_1tag/1bsk.pdb Current checkpoint = 2.718202987615155
=========================================================================================================
Optimal tag = <Structure id=['1m40']> 2.718202987615155 ('No clashes?', True)
 
~~~~~~~~~~~~~~~~~~~~~~~~~~~~~~~~~~~~~~~~~~~~~~Best Tag~~~~~~~~~~~~~~~~~~~~~~~~~~~~~~~~~
~~~~~~~~~~~~~~~~~~~~~~~~~~~~~~~~~~~~~~~~~~~~~~~~~~~~~~~~~~~~~~~~~~~~~~~~~~~~~~~~~~~~~~~
 RMSD match of N/C overlap =  2.718202987615155                                           
                                                                                       
 Acceptor =  <Structure id=YYYY>                                                              
 Acceptor optimal N terminal start residue is <Residue SER het=  resseq=205 icode= >                            
 Acceptor optimal C terminal end residue is <Residue THR het=  resseq=212 icode= >                              
                                                                                       
 Donor =  <Structure id=['1m40']>                                                               
 Donor optimal N terminal start residue is <Residue GLU het=  resseq=28 icode= >                               
 Donor optimal C terminal end residue is <Residue TRP het=  resseq=290 icode= >                                 
                                                                                       
 Protagger suggests truncating Donor to residue numbers:                               
 N terminal =  32                                                           
 C terminal =  286                                                           
~~~~~~~~~~~~~~~~~~~~~~~~~~~~~~~~~~~~~~~~~~~~~~~~~~~~~~~~~~~~~~~~~~~~~~~~~~~~~~~~~~~~~~~
~~~~~~~~~~~~~~~~~~~~~~~~~~~~~~~~~~~~~~~~~~~~~~~~~~~~~~~~~~~~~~~~~~~~~~~~~~~~~~~~~~~~~~~
Optimal acceptor/donor pruned
