Protagger_FlgEKL_partial_multimer_N_569_C_590_RMSD_3.log
Database of tags = ./database_200625/*
Target pdb = FlgEKL_partial_multimer
PDB stored locally? =True
Run specific search? =False
N-terminal of insertion = 569
C-terminal of insertion = 590
Overlap alignment length = 3
RMSD threshold = 3.0
Atomic clash threshold = 2.5
Number of CPUs used for processing = 15
Minimum length of pruned Donor chain =80
 

# 1 Name = <Structure id=['3npw']>, RMSD = 2.919318116050614
Donor N term = <Residue LYS het=  resseq=6 icode= >
Donor C term = <Residue LEU het=  resseq=249 icode= >
Acceptor N term = <Residue MET het=  resseq=569 icode= >
Acceptor C term = <Residue LEU het=  resseq=591 icode= > 

# 2 Name = <Structure id=['3nr0']>, RMSD = 2.8912930498687417
Donor N term = <Residue LYS het=  resseq=5 icode= >
Donor C term = <Residue LEU het=  resseq=249 icode= >
Acceptor N term = <Residue MET het=  resseq=569 icode= >
Acceptor C term = <Residue LEU het=  resseq=591 icode= > 

# 3 Name = <Structure id=['1ylw']>, RMSD = 2.7172681666447382
Donor N term = <Residue GLN het=  resseq=31 icode= >
Donor C term = <Residue LEU het=  resseq=290 icode= >
Acceptor N term = <Residue MET het=  resseq=569 icode= >
Acceptor C term = <Residue SER het=  resseq=590 icode= > 

# 4 Name = <Structure id=['1e6k']>, RMSD = 2.652526992569516
Donor N term = <Residue LYS het=  resseq=4 icode= >
Donor C term = <Residue GLY het=  resseq=128 icode= >
Acceptor N term = <Residue MET het=  resseq=569 icode= >
Acceptor C term = <Residue LEU het=  resseq=591 icode= > 

# 5 Name = <Structure id=['3bmb']>, RMSD = 2.649650958434924
Donor N term = <Residue ALA het=  resseq=13 icode= >
Donor C term = <Residue TYR het=  resseq=134 icode= >
Acceptor N term = <Residue SER het=  resseq=568 icode= >
Acceptor C term = <Residue LEU het=  resseq=591 icode= > 

# 6 Name = <Structure id=['6pq9']>, RMSD = 2.113585549986051
Donor N term = <Residue THR het=  resseq=26 icode= >
Donor C term = <Residue LYS het=  resseq=291 icode= >
Acceptor N term = <Residue SER het=  resseq=568 icode= >
Acceptor C term = <Residue SER het=  resseq=590 icode= > 

# 7 Name = <Structure id=['1ysp']>, RMSD = 1.208794482563447
Donor N term = <Residue ILE het=  resseq=4 icode= >
Donor C term = <Residue MET het=  resseq=170 icode= >
Acceptor N term = <Residue SER het=  resseq=568 icode= >
Acceptor C term = <Residue SER het=  resseq=592 icode= >

~~~~~~~~~~~~~~~~~~~~~~~~~~~~~~~~~Best Tag~~~~~~~~~~~~~~~~~~~~~~~~~~~~~~~~~~~~~~~~
~~~~~~~~~~~~~~~~~~~~~~~~~~~~~~~~~~~~~~~~~~~~~~~~~~~~~~~~~~~~~~~~~~~~~~~~~~~~~~~~~
 RMSD match of N/C overlap = 1.208794482563447                             
                                                                                 
 Acceptor = <Structure id=FlgEKL_partial_multimer>                                                
 Acceptor optimal N terminal start residue is<Residue SER het=  resseq=568 icode= >              
 Acceptor optimal C terminal end residue is<Residue SER het=  resseq=592 icode= >                 
                                                                                 
 Donor = <Structure id=['1ysp']>                                                 
 Donor optimal N terminal start residue is<Residue ILE het=  resseq=4 icode= >                 
 Donor optimal C terminal end residue is<Residue MET het=  resseq=170 icode= >                   
                                                                                 
 Protagger suggests truncating Donor to residue numbers:                         
 N terminal = 7                                 
 C terminal = 167                                  
~~~~~~~~~~~~~~~~~~~~~~~~~~~~~~~~~~~~~~~~~~~~~~~~~~~~~~~~~~~~~~~~~~~~~~~~~~~~~~~~~
~~~~~~~~~~~~~~~~~~~~~~~~~~~~~~~~~~~~~~~~~~~~~~~~~~~~~~~~~~~~~~~~~~~~~~~~~~~~~~~~~

Total time taken (seconds) = 145318.559537
