Protagger_Campy_FliGM_cring_N_263_C_269_RMSD_3.log
Database of tags = ./therm_1tag_FliG/*
Target pdb = Campy_FliGM_cring
PDB stored locally? =True
Run specific search? =False
N-terminal of insertion = 263
C-terminal of insertion = 269
Overlap alignment length = 3
RMSD threshold = 3.0
Atomic clash threshold = 2.5
Number of CPUs used for processing = 4
Minimum length of pruned Donor chain =80
 

# 1 Name = <Structure id=['1tqg']>, RMSD = 1.5786127887048178
Donor N term = <Residue MET het=  resseq=3 icode= >
Donor C term = <Residue SER het=  resseq=104 icode= >
Acceptor N term = <Residue LYS het=  resseq=263 icode= >
Acceptor C term = <Residue ASP het=  resseq=269 icode= >

~~~~~~~~~~~~~~~~~~~~~~~~~~~~~~~~~Best Tag~~~~~~~~~~~~~~~~~~~~~~~~~~~~~~~~~~~~~~~~
~~~~~~~~~~~~~~~~~~~~~~~~~~~~~~~~~~~~~~~~~~~~~~~~~~~~~~~~~~~~~~~~~~~~~~~~~~~~~~~~~
 RMSD match of N/C overlap = 1.5786127887048178                             
                                                                                 
 Acceptor = <Structure id=Campy_FliGM_cring>                                                
 Acceptor optimal N terminal start residue is<Residue LYS het=  resseq=263 icode= >              
 Acceptor optimal C terminal end residue is<Residue ASP het=  resseq=269 icode= >                 
                                                                                 
 Donor = <Structure id=['1tqg']>                                                 
 Donor optimal N terminal start residue is<Residue MET het=  resseq=3 icode= >                 
 Donor optimal C terminal end residue is<Residue SER het=  resseq=104 icode= >                   
                                                                                 
 Protagger suggests truncating Donor to residue numbers:                         
 N terminal = 6                                 
 C terminal = 101                                  
~~~~~~~~~~~~~~~~~~~~~~~~~~~~~~~~~~~~~~~~~~~~~~~~~~~~~~~~~~~~~~~~~~~~~~~~~~~~~~~~~
~~~~~~~~~~~~~~~~~~~~~~~~~~~~~~~~~~~~~~~~~~~~~~~~~~~~~~~~~~~~~~~~~~~~~~~~~~~~~~~~~

Total time taken (seconds) = 253.137153864
